  login.c
  question_print.c
  signup_print1.c
C:\Users\user\Desktop\burgee_project - 복사본\login.c(37,9): warning C4013: 'exit'이(가) 정의되지 않았습니다. extern은 int형을 반환하는 것으로 간주합니다.
C:\Users\user\Desktop\burgee_project - 복사본\question_print.c(15,24): warning C4047: '함수': 'const char *'의 간접 참조 수준이 'char'과(와) 다릅니다.
C:\Users\user\Desktop\burgee_project - 복사본\question_print.c(15,24): warning C4024: 'atoi': 형식 및 실제 매개 변수 1의 형식이 서로 다릅니다.
C:\Users\user\Desktop\burgee_project - 복사본\question_print.c(47,30): warning C4047: '함수': 'const char *'의 간접 참조 수준이 'char'과(와) 다릅니다.
C:\Users\user\Desktop\burgee_project - 복사본\question_print.c(47,30): warning C4024: 'atoi': 형식 및 실제 매개 변수 1의 형식이 서로 다릅니다.
C:\Users\user\Desktop\burgee_project - 복사본\question_print.c(52,20): warning C4244: '함수': 'double'에서 'int'(으)로 변환하면서 데이터가 손실될 수 있습니다.
C:\Users\user\Desktop\burgee_project - 복사본\signup_print1.c(15,10): warning C4101: 'yn' :참조되지 않은 지역 변수입니다.
C:\Users\user\Desktop\burgee_project - 복사본\signup_print1.c(18,10): warning C4101: 'buffer' :참조되지 않은 지역 변수입니다.
  login_print.c
  main.c
C:\Users\user\Desktop\burgee_project - 복사본\main.c(23,2): error C2198: 'void login(char *,int *)': 호출에 인수가 너무 적습니다.
C:\Users\user\Desktop\burgee_project - 복사본\main.c(27,26): warning C4474: 'scanf' : 서식 문자열에 전달된 인수가 너무 많습니다.
      C:\Users\user\Desktop\burgee_project - 복사본\main.c(27,26):
      자리 표시자 및 해당 매개 변수에는 variadic 인수가 1개 필요하지만 2개가 제공되었습니다.
  
C:\Users\user\Desktop\burgee_project - 복사본\main.c(54,34): warning C4474: 'scanf' : 서식 문자열에 전달된 인수가 너무 많습니다.
      C:\Users\user\Desktop\burgee_project - 복사본\main.c(54,34):
      자리 표시자 및 해당 매개 변수에는 variadic 인수가 1개 필요하지만 2개가 제공되었습니다.
  
C:\Users\user\Desktop\burgee_project - 복사본\main.c(75,17): error C2198: 'void login(char *,int *)': 호출에 인수가 너무 적습니다.
  signup.c
C:\Users\user\Desktop\burgee_project - 복사본\signup.c(20,9): warning C4098: 'signup': 'void' 함수에서 값을 반환하고 있습니다.
C:\Users\user\Desktop\burgee_project - 복사본\signup.c(57,5): warning C4098: 'signup': 'void' 함수에서 값을 반환하고 있습니다.
  note.c
  question_logic.c
  ranking.c
C:\Users\user\Desktop\burgee_project - 복사본\ranking.c(32,15): warning C4047: '함수': 'char *'의 간접 참조 수준이 'char [12][256]'과(와) 다릅니다.
C:\Users\user\Desktop\burgee_project - 복사본\ranking.c(32,15): warning C4024: 'fgets': 형식 및 실제 매개 변수 1의 형식이 서로 다릅니다.
C:\Users\user\Desktop\burgee_project - 복사본\ranking.c(35,15): warning C4047: '함수': 'const char *'의 간접 참조 수준이 'char [12][256]'과(와) 다릅니다.
C:\Users\user\Desktop\burgee_project - 복사본\ranking.c(35,15): warning C4024: 'strchr': 형식 및 실제 매개 변수 1의 형식이 서로 다릅니다.
C:\Users\user\Desktop\burgee_project - 복사본\ranking.c(35,37): warning C4047: '함수': 'const char *'의 간접 참조 수준이 'char [12][256]'과(와) 다릅니다.
C:\Users\user\Desktop\burgee_project - 복사본\ranking.c(35,37): warning C4024: 'strrchr': 형식 및 실제 매개 변수 1의 형식이 서로 다릅니다.
C:\Users\user\Desktop\burgee_project - 복사본\ranking.c(37,26): warning C4047: '함수': 'const char *'의 간접 참조 수준이 'char [12][256]'과(와) 다릅니다.
C:\Users\user\Desktop\burgee_project - 복사본\ranking.c(37,26): warning C4024: 'strchr': 형식 및 실제 매개 변수 1의 형식이 서로 다릅니다.
C:\Users\user\Desktop\burgee_project - 복사본\ranking.c(39,27): warning C4047: '함수': 'const char *'의 간접 참조 수준이 'char [12][256]'과(와) 다릅니다.
C:\Users\user\Desktop\burgee_project - 복사본\ranking.c(39,27): warning C4024: 'strrchr': 형식 및 실제 매개 변수 1의 형식이 서로 다릅니다.
C:\Users\user\Desktop\burgee_project - 복사본\ranking.c(84,19): warning C4244: '=': 'double'에서 'int'(으)로 변환하면서 데이터가 손실될 수 있습니다.
C:\Users\user\Desktop\burgee_project - 복사본\ranking.c(51,25): warning C4244: '초기화 중': '__int64'에서 'int'(으)로 변환하면서 데이터가 손실될 수 있습니다.
  코드를 생성하고 있습니다...
